\BOOKMARK [0][-]{chapter.1}{}{}% 1
\BOOKMARK [1][-]{section.1.1}{Introducci\363n}{chapter.1}% 2
\BOOKMARK [2][-]{subsection.1.1.1}{Prop\363sito}{section.1.1}% 3
\BOOKMARK [2][-]{subsection.1.1.2}{Alcance}{section.1.1}% 4
\BOOKMARK [2][-]{subsection.1.1.3}{Definiciones, acr\363nimos y abreviaturas}{section.1.1}% 5
\BOOKMARK [2][-]{subsection.1.1.4}{Referencias}{section.1.1}% 6
\BOOKMARK [2][-]{subsection.1.1.5}{Resumen}{section.1.1}% 7
\BOOKMARK [1][-]{section.1.2}{Descripci\363n general}{chapter.1}% 8
\BOOKMARK [2][-]{subsection.1.2.1}{Perspectiva del producto}{section.1.2}% 9
\BOOKMARK [2][-]{subsection.1.2.2}{Funciones del producto}{section.1.2}% 10
\BOOKMARK [2][-]{subsection.1.2.3}{Caracter\355sticas del usuario}{section.1.2}% 11
\BOOKMARK [2][-]{subsection.1.2.4}{Restricciones}{section.1.2}% 12
\BOOKMARK [2][-]{subsection.1.2.5}{Supuestos y dependencias}{section.1.2}% 13
\BOOKMARK [2][-]{subsection.1.2.6}{Requisitos futuros}{section.1.2}% 14
\BOOKMARK [1][-]{section.1.3}{Requisitos espec\355ficos}{chapter.1}% 15
\BOOKMARK [2][-]{subsection.1.3.1}{Interfaces externos}{section.1.3}% 16
\BOOKMARK [2][-]{subsection.1.3.2}{Funciones}{section.1.3}% 17
\BOOKMARK [2][-]{subsection.1.3.3}{Requisitos de rendimiento}{section.1.3}% 18
\BOOKMARK [2][-]{subsection.1.3.4}{Requisitos l\363gicos de la base de datos}{section.1.3}% 19
\BOOKMARK [2][-]{subsection.1.3.5}{Restricciones de dise\361o}{section.1.3}% 20
\BOOKMARK [2][-]{subsection.1.3.6}{Atributos del sistema software}{section.1.3}% 21
